  Engine.cpp
  MEMatrices.cpp
  MEVectors.cpp
  Generating Code...
LINK : warning LNK4075: ignoring '/INCREMENTAL' due to '/FORCE' specification
MEMatrices.obj : warning LNK4006: "public: __thiscall MathsEngine::matrix2x2::matrix2x2(float,float,float,float)" (??0matrix2x2@MathsEngine@@QAE@MMMM@Z) already defined in Engine.obj; second definition ignored
MEMatrices.obj : warning LNK4006: "public: __thiscall MathsEngine::matrix2x2::matrix2x2(void)" (??0matrix2x2@MathsEngine@@QAE@XZ) already defined in Engine.obj; second definition ignored
MEMatrices.obj : warning LNK4006: "public: __thiscall MathsEngine::matrix::matrix(float,float,float,float,float,float,float,float,float)" (??0matrix@MathsEngine@@QAE@MMMMMMMMM@Z) already defined in Engine.obj; second definition ignored
MEMatrices.obj : warning LNK4006: "public: __thiscall MathsEngine::matrix::matrix(void)" (??0matrix@MathsEngine@@QAE@XZ) already defined in Engine.obj; second definition ignored
MEMatrices.obj : warning LNK4006: "class std::basic_ostream<char,struct std::char_traits<char> > & __cdecl MathsEngine::operator<<(class std::basic_ostream<char,struct std::char_traits<char> > &,class MathsEngine::matrix const &)" (??6MathsEngine@@YAAAV?$basic_ostream@DU?$char_traits@D@std@@@std@@AAV12@ABVmatrix@0@@Z) already defined in Engine.obj; second definition ignored
MEMatrices.obj : warning LNK4006: "public: class MathsEngine::matrix __thiscall MathsEngine::matrix::operator*(float const &)" (??Dmatrix@MathsEngine@@QAE?AV01@ABM@Z) already defined in Engine.obj; second definition ignored
MEMatrices.obj : warning LNK4006: "public: class MathsEngine::matrix __thiscall MathsEngine::matrix::operator*(class MathsEngine::matrix const &)" (??Dmatrix@MathsEngine@@QAE?AV01@ABV01@@Z) already defined in Engine.obj; second definition ignored
MEMatrices.obj : warning LNK4006: "public: class MathsEngine::vector3 __thiscall MathsEngine::matrix::operator*(class MathsEngine::vector3 const &)" (??Dmatrix@MathsEngine@@QAE?AVvector3@1@ABV21@@Z) already defined in Engine.obj; second definition ignored
MEMatrices.obj : warning LNK4006: "public: class MathsEngine::matrix __thiscall MathsEngine::matrix::operator-(class MathsEngine::matrix const &)" (??Gmatrix@MathsEngine@@QAE?AV01@ABV01@@Z) already defined in Engine.obj; second definition ignored
MEMatrices.obj : warning LNK4006: "public: class MathsEngine::matrix __thiscall MathsEngine::matrix::operator+(class MathsEngine::matrix const &)" (??Hmatrix@MathsEngine@@QAE?AV01@ABV01@@Z) already defined in Engine.obj; second definition ignored
MEMatrices.obj : warning LNK4006: "public: class MathsEngine::matrix __thiscall MathsEngine::matrix::operator/(float)" (??Kmatrix@MathsEngine@@QAE?AV01@M@Z) already defined in Engine.obj; second definition ignored
MEMatrices.obj : warning LNK4006: "public: void __thiscall MathsEngine::matrix::operator*=(float const &)" (??Xmatrix@MathsEngine@@QAEXABM@Z) already defined in Engine.obj; second definition ignored
MEMatrices.obj : warning LNK4006: "public: void __thiscall MathsEngine::matrix::operator*=(class MathsEngine::matrix const &)" (??Xmatrix@MathsEngine@@QAEXABV01@@Z) already defined in Engine.obj; second definition ignored
MEMatrices.obj : warning LNK4006: "public: class MathsEngine::matrix __thiscall MathsEngine::matrix::Identity(void)" (?Identity@matrix@MathsEngine@@QAE?AV12@XZ) already defined in Engine.obj; second definition ignored
MEMatrices.obj : warning LNK4006: "public: void __thiscall MathsEngine::matrix::Show(void)" (?Show@matrix@MathsEngine@@QAEXXZ) already defined in Engine.obj; second definition ignored
MEMatrices.obj : warning LNK4006: "public: void __thiscall MathsEngine::matrix::becomeIdentity(void)" (?becomeIdentity@matrix@MathsEngine@@QAEXXZ) already defined in Engine.obj; second definition ignored
MEMatrices.obj : warning LNK4006: "public: void __thiscall MathsEngine::matrix::becomeTranspose(void)" (?becomeTranspose@matrix@MathsEngine@@QAEXXZ) already defined in Engine.obj; second definition ignored
MEMatrices.obj : warning LNK4006: "public: class MathsEngine::matrix __thiscall MathsEngine::matrix::cofactor(void)" (?cofactor@matrix@MathsEngine@@QAE?AV12@XZ) already defined in Engine.obj; second definition ignored
MEMatrices.obj : warning LNK4006: "public: float __thiscall MathsEngine::matrix2x2::det(void)" (?det@matrix2x2@MathsEngine@@QAEMXZ) already defined in Engine.obj; second definition ignored
MEMatrices.obj : warning LNK4006: "public: float __thiscall MathsEngine::matrix::det(void)" (?det@matrix@MathsEngine@@QAEMXZ) already defined in Engine.obj; second definition ignored
MEMatrices.obj : warning LNK4006: "public: class MathsEngine::matrix __thiscall MathsEngine::matrix::inverse(bool)" (?inverse@matrix@MathsEngine@@QAE?AV12@_N@Z) already defined in Engine.obj; second definition ignored
MEMatrices.obj : warning LNK4006: "public: class MathsEngine::matrix __thiscall MathsEngine::matrix::matrixOfMinors(void)" (?matrixOfMinors@matrix@MathsEngine@@QAE?AV12@XZ) already defined in Engine.obj; second definition ignored
MEMatrices.obj : warning LNK4006: "public: class MathsEngine::vector3 __thiscall MathsEngine::matrix::transform(class MathsEngine::vector3 const &)" (?transform@matrix@MathsEngine@@QAE?AVvector3@2@ABV32@@Z) already defined in Engine.obj; second definition ignored
MEMatrices.obj : warning LNK4006: "public: class MathsEngine::matrix __thiscall MathsEngine::matrix::transpose(void)" (?transpose@matrix@MathsEngine@@QAE?AV12@XZ) already defined in Engine.obj; second definition ignored
MEVectors.obj : warning LNK4006: "public: __thiscall MathsEngine::vector3::vector3(float,float,float)" (??0vector3@MathsEngine@@QAE@MMM@Z) already defined in Engine.obj; second definition ignored
MEVectors.obj : warning LNK4006: "public: __thiscall MathsEngine::vector3::vector3(void)" (??0vector3@MathsEngine@@QAE@XZ) already defined in Engine.obj; second definition ignored
MEVectors.obj : warning LNK4006: "class std::basic_ostream<char,struct std::char_traits<char> > & __cdecl MathsEngine::operator<<(class std::basic_ostream<char,struct std::char_traits<char> > &,class MathsEngine::vector3)" (??6MathsEngine@@YAAAV?$basic_ostream@DU?$char_traits@D@std@@@std@@AAV12@Vvector3@0@@Z) already defined in Engine.obj; second definition ignored
MEVectors.obj : warning LNK4006: "public: class MathsEngine::vector3 __thiscall MathsEngine::vector3::operator*(float)" (??Dvector3@MathsEngine@@QAE?AV01@M@Z) already defined in Engine.obj; second definition ignored
MEVectors.obj : warning LNK4006: "public: class MathsEngine::vector3 __thiscall MathsEngine::vector3::operator-(class MathsEngine::vector3)" (??Gvector3@MathsEngine@@QAE?AV01@V01@@Z) already defined in Engine.obj; second definition ignored
MEVectors.obj : warning LNK4006: "public: class MathsEngine::vector3 __thiscall MathsEngine::vector3::operator+(class MathsEngine::vector3)" (??Hvector3@MathsEngine@@QAE?AV01@V01@@Z) already defined in Engine.obj; second definition ignored
MEVectors.obj : warning LNK4006: "public: class MathsEngine::vector3 __thiscall MathsEngine::vector3::operator/(float)" (??Kvector3@MathsEngine@@QAE?AV01@M@Z) already defined in Engine.obj; second definition ignored
MEVectors.obj : warning LNK4006: "public: void __thiscall MathsEngine::vector3::operator*=(float)" (??Xvector3@MathsEngine@@QAEXM@Z) already defined in Engine.obj; second definition ignored
MEVectors.obj : warning LNK4006: "public: class MathsEngine::vector3 __thiscall MathsEngine::vector3::CrossProduct(class MathsEngine::vector3)" (?CrossProduct@vector3@MathsEngine@@QAE?AV12@V12@@Z) already defined in Engine.obj; second definition ignored
MEVectors.obj : warning LNK4006: "public: float __thiscall MathsEngine::vector3::DotProduct(class MathsEngine::vector3)" (?DotProduct@vector3@MathsEngine@@QAEMV12@@Z) already defined in Engine.obj; second definition ignored
MEVectors.obj : warning LNK4006: "public: float __thiscall MathsEngine::vector3::Length(void)" (?Length@vector3@MathsEngine@@QAEMXZ) already defined in Engine.obj; second definition ignored
MEVectors.obj : warning LNK4006: "float MathsEngine::X" (?X@MathsEngine@@3MA) already defined in Engine.obj; second definition ignored
MEVectors.obj : warning LNK4006: "float MathsEngine::Y" (?Y@MathsEngine@@3MA) already defined in Engine.obj; second definition ignored
MEVectors.obj : warning LNK4006: "float MathsEngine::Z" (?Z@MathsEngine@@3MA) already defined in Engine.obj; second definition ignored
MEVectorsandMatrices.obj : warning LNK4006: "public: __thiscall MathsEngine::matrix2x2::matrix2x2(float,float,float,float)" (??0matrix2x2@MathsEngine@@QAE@MMMM@Z) already defined in Engine.obj; second definition ignored
MEVectorsandMatrices.obj : warning LNK4006: "public: __thiscall MathsEngine::matrix2x2::matrix2x2(void)" (??0matrix2x2@MathsEngine@@QAE@XZ) already defined in Engine.obj; second definition ignored
MEVectorsandMatrices.obj : warning LNK4006: "public: __thiscall MathsEngine::matrix::matrix(float,float,float,float,float,float,float,float,float)" (??0matrix@MathsEngine@@QAE@MMMMMMMMM@Z) already defined in Engine.obj; second definition ignored
MEVectorsandMatrices.obj : warning LNK4006: "public: __thiscall MathsEngine::matrix::matrix(void)" (??0matrix@MathsEngine@@QAE@XZ) already defined in Engine.obj; second definition ignored
MEVectorsandMatrices.obj : warning LNK4006: "public: __thiscall MathsEngine::vector3::vector3(float,float,float)" (??0vector3@MathsEngine@@QAE@MMM@Z) already defined in Engine.obj; second definition ignored
MEVectorsandMatrices.obj : warning LNK4006: "public: __thiscall MathsEngine::vector3::vector3(void)" (??0vector3@MathsEngine@@QAE@XZ) already defined in Engine.obj; second definition ignored
MEVectorsandMatrices.obj : warning LNK4006: "class std::basic_ostream<char,struct std::char_traits<char> > & __cdecl MathsEngine::operator<<(class std::basic_ostream<char,struct std::char_traits<char> > &,class MathsEngine::matrix const &)" (??6MathsEngine@@YAAAV?$basic_ostream@DU?$char_traits@D@std@@@std@@AAV12@ABVmatrix@0@@Z) already defined in Engine.obj; second definition ignored
MEVectorsandMatrices.obj : warning LNK4006: "class std::basic_ostream<char,struct std::char_traits<char> > & __cdecl MathsEngine::operator<<(class std::basic_ostream<char,struct std::char_traits<char> > &,class MathsEngine::vector3)" (??6MathsEngine@@YAAAV?$basic_ostream@DU?$char_traits@D@std@@@std@@AAV12@Vvector3@0@@Z) already defined in Engine.obj; second definition ignored
MEVectorsandMatrices.obj : warning LNK4006: "public: class MathsEngine::matrix __thiscall MathsEngine::matrix::operator*(float const &)" (??Dmatrix@MathsEngine@@QAE?AV01@ABM@Z) already defined in Engine.obj; second definition ignored
MEVectorsandMatrices.obj : warning LNK4006: "public: class MathsEngine::matrix __thiscall MathsEngine::matrix::operator*(class MathsEngine::matrix const &)" (??Dmatrix@MathsEngine@@QAE?AV01@ABV01@@Z) already defined in Engine.obj; second definition ignored
MEVectorsandMatrices.obj : warning LNK4006: "public: class MathsEngine::vector3 __thiscall MathsEngine::matrix::operator*(class MathsEngine::vector3 const &)" (??Dmatrix@MathsEngine@@QAE?AVvector3@1@ABV21@@Z) already defined in Engine.obj; second definition ignored
MEVectorsandMatrices.obj : warning LNK4006: "public: class MathsEngine::vector3 __thiscall MathsEngine::vector3::operator*(float)" (??Dvector3@MathsEngine@@QAE?AV01@M@Z) already defined in Engine.obj; second definition ignored
MEVectorsandMatrices.obj : warning LNK4006: "public: class MathsEngine::matrix __thiscall MathsEngine::matrix::operator-(class MathsEngine::matrix const &)" (??Gmatrix@MathsEngine@@QAE?AV01@ABV01@@Z) already defined in Engine.obj; second definition ignored
MEVectorsandMatrices.obj : warning LNK4006: "public: class MathsEngine::vector3 __thiscall MathsEngine::vector3::operator-(class MathsEngine::vector3)" (??Gvector3@MathsEngine@@QAE?AV01@V01@@Z) already defined in Engine.obj; second definition ignored
MEVectorsandMatrices.obj : warning LNK4006: "public: class MathsEngine::matrix __thiscall MathsEngine::matrix::operator+(class MathsEngine::matrix const &)" (??Hmatrix@MathsEngine@@QAE?AV01@ABV01@@Z) already defined in Engine.obj; second definition ignored
MEVectorsandMatrices.obj : warning LNK4006: "public: class MathsEngine::vector3 __thiscall MathsEngine::vector3::operator+(class MathsEngine::vector3)" (??Hvector3@MathsEngine@@QAE?AV01@V01@@Z) already defined in Engine.obj; second definition ignored
MEVectorsandMatrices.obj : warning LNK4006: "public: class MathsEngine::matrix __thiscall MathsEngine::matrix::operator/(float)" (??Kmatrix@MathsEngine@@QAE?AV01@M@Z) already defined in Engine.obj; second definition ignored
MEVectorsandMatrices.obj : warning LNK4006: "public: class MathsEngine::vector3 __thiscall MathsEngine::vector3::operator/(float)" (??Kvector3@MathsEngine@@QAE?AV01@M@Z) already defined in Engine.obj; second definition ignored
MEVectorsandMatrices.obj : warning LNK4006: "public: void __thiscall MathsEngine::matrix::operator*=(float const &)" (??Xmatrix@MathsEngine@@QAEXABM@Z) already defined in Engine.obj; second definition ignored
MEVectorsandMatrices.obj : warning LNK4006: "public: void __thiscall MathsEngine::matrix::operator*=(class MathsEngine::matrix const &)" (??Xmatrix@MathsEngine@@QAEXABV01@@Z) already defined in Engine.obj; second definition ignored
MEVectorsandMatrices.obj : warning LNK4006: "public: void __thiscall MathsEngine::vector3::operator*=(float)" (??Xvector3@MathsEngine@@QAEXM@Z) already defined in Engine.obj; second definition ignored
MEVectorsandMatrices.obj : warning LNK4006: "public: class MathsEngine::vector3 __thiscall MathsEngine::vector3::CrossProduct(class MathsEngine::vector3)" (?CrossProduct@vector3@MathsEngine@@QAE?AV12@V12@@Z) already defined in Engine.obj; second definition ignored
MEVectorsandMatrices.obj : warning LNK4006: "public: float __thiscall MathsEngine::vector3::DotProduct(class MathsEngine::vector3)" (?DotProduct@vector3@MathsEngine@@QAEMV12@@Z) already defined in Engine.obj; second definition ignored
MEVectorsandMatrices.obj : warning LNK4006: "public: class MathsEngine::matrix __thiscall MathsEngine::matrix::Identity(void)" (?Identity@matrix@MathsEngine@@QAE?AV12@XZ) already defined in Engine.obj; second definition ignored
MEVectorsandMatrices.obj : warning LNK4006: "public: float __thiscall MathsEngine::vector3::Length(void)" (?Length@vector3@MathsEngine@@QAEMXZ) already defined in Engine.obj; second definition ignored
MEVectorsandMatrices.obj : warning LNK4006: "public: void __thiscall MathsEngine::matrix::Show(void)" (?Show@matrix@MathsEngine@@QAEXXZ) already defined in Engine.obj; second definition ignored
MEVectorsandMatrices.obj : warning LNK4006: "public: void __thiscall MathsEngine::matrix::becomeIdentity(void)" (?becomeIdentity@matrix@MathsEngine@@QAEXXZ) already defined in Engine.obj; second definition ignored
MEVectorsandMatrices.obj : warning LNK4006: "public: void __thiscall MathsEngine::matrix::becomeTranspose(void)" (?becomeTranspose@matrix@MathsEngine@@QAEXXZ) already defined in Engine.obj; second definition ignored
MEVectorsandMatrices.obj : warning LNK4006: "public: class MathsEngine::matrix __thiscall MathsEngine::matrix::cofactor(void)" (?cofactor@matrix@MathsEngine@@QAE?AV12@XZ) already defined in Engine.obj; second definition ignored
MEVectorsandMatrices.obj : warning LNK4006: "public: float __thiscall MathsEngine::matrix2x2::det(void)" (?det@matrix2x2@MathsEngine@@QAEMXZ) already defined in Engine.obj; second definition ignored
MEVectorsandMatrices.obj : warning LNK4006: "public: float __thiscall MathsEngine::matrix::det(void)" (?det@matrix@MathsEngine@@QAEMXZ) already defined in Engine.obj; second definition ignored
MEVectorsandMatrices.obj : warning LNK4006: "public: class MathsEngine::matrix __thiscall MathsEngine::matrix::inverse(bool)" (?inverse@matrix@MathsEngine@@QAE?AV12@_N@Z) already defined in Engine.obj; second definition ignored
MEVectorsandMatrices.obj : warning LNK4006: "public: class MathsEngine::matrix __thiscall MathsEngine::matrix::matrixOfMinors(void)" (?matrixOfMinors@matrix@MathsEngine@@QAE?AV12@XZ) already defined in Engine.obj; second definition ignored
MEVectorsandMatrices.obj : warning LNK4006: "public: class MathsEngine::vector3 __thiscall MathsEngine::matrix::transform(class MathsEngine::vector3 const &)" (?transform@matrix@MathsEngine@@QAE?AVvector3@2@ABV32@@Z) already defined in Engine.obj; second definition ignored
MEVectorsandMatrices.obj : warning LNK4006: "public: class MathsEngine::matrix __thiscall MathsEngine::matrix::transpose(void)" (?transpose@matrix@MathsEngine@@QAE?AV12@XZ) already defined in Engine.obj; second definition ignored
MEVectorsandMatrices.obj : warning LNK4006: "float MathsEngine::X" (?X@MathsEngine@@3MA) already defined in Engine.obj; second definition ignored
MEVectorsandMatrices.obj : warning LNK4006: "float MathsEngine::Y" (?Y@MathsEngine@@3MA) already defined in Engine.obj; second definition ignored
MEVectorsandMatrices.obj : warning LNK4006: "float MathsEngine::Z" (?Z@MathsEngine@@3MA) already defined in Engine.obj; second definition ignored
C:\GameDev\Custom\C++\A Maths Engine\Debug\A Maths Engine.exe : warning LNK4088: image being generated due to /FORCE option; image may not run
  A Maths Engine.vcxproj -> C:\GameDev\Custom\C++\A Maths Engine\Debug\A Maths Engine.exe
